<?xml version="1.0" encoding="UTF-8"?>
<!-- Generated by org.testng.reporters.JUnitReportReporter -->
<testsuite hostname="DESKTOP-02QTJU3" name="webdriver2.FirstTest" tests="1" failures="0" timestamp="26 Feb 2017 19:16:36 GMT" time="12.333" errors="0">
  <testcase name="runTest" time="12.333" classname="webdriver2.FirstTest"/>
</testsuite> <!-- webdriver2.FirstTest -->
