<?xml version="1.0" encoding="UTF-8"?>
<!-- Generated by org.testng.reporters.JUnitReportReporter -->
<testsuite hostname="DESKTOP-02QTJU3" name="webdriver2.FirstTest" tests="1" failures="0" timestamp="16 Feb 2017 01:36:02 GMT" time="10.829" errors="0">
  <testcase name="runTest" time="10.829" classname="webdriver2.FirstTest"/>
</testsuite> <!-- webdriver2.FirstTest -->
